Arguments: 
  C:\Program Files\nodejs\node.exe C:\Users\DFTech\AppData\Local\node\corepack\yarn\1.22.19\bin\yarn.js add uuid

PATH: 
  C:\Users\DFTech\bin;C:\Program Files\Git\mingw64\bin;C:\Program Files\Git\usr\local\bin;C:\Program Files\Git\usr\bin;C:\Program Files\Git\usr\bin;C:\Program Files\Git\mingw64\bin;C:\Program Files\Git\usr\bin;C:\Users\DFTech\bin;C:\Windows\system32;C:\Windows;C:\Windows\System32\Wbem;C:\Windows\System32\WindowsPowerShell\v1.0;C:\Windows\System32\OpenSSH;C:\Program Files (x86)\NVIDIA Corporation\PhysX\Common;C:\Program Files\nodejs;C:\Program Files\Git\cmd;C:\Users\DFTech\AppData\Local\Programs\Python\Python311\Scripts;C:\Users\DFTech\AppData\Local\Programs\Python\Python311;C:\Users\DFTech\AppData\Local\Microsoft\WindowsApps;C:\Users\DFTech\AppData\Local\atom\bin;C:\Users\DFTech\AppData\Local\Programs\Microsoft VS Code\bin;C:\Users\DFTech\AppData\Local\GitHubDesktop\bin;C:\Program Files\JetBrains\PyCharm 2022.1\bin;C:\Users\DFTech\AppData\Roaming\npm;C:\Users\DFTech\AppData\Local\Programs\Hyper\resources\bin;C:\Program Files\Git\usr\bin\vendor_perl;C:\Program Files\Git\usr\bin\core_perl

Yarn version: 
  1.22.19

Node version: 
  18.16.0

Platform: 
  win32 x64

Trace: 
  Error: getaddrinfo ENOTFOUND registry.yarnpkg.com
      at GetAddrInfoReqWrap.onlookup [as oncomplete] (node:dns:107:26)

npm manifest: 
  {
    "name": "time-tracker2",
    "version": "1.0.0",
    "main": "node_modules/expo/AppEntry.js",
    "scripts": {
      "start": "expo start",
      "android": "expo start --android",
      "ios": "expo start --ios",
      "web": "expo start --web"
    },
    "dependencies": {
      "expo": "~48.0.18",
      "expo-status-bar": "~1.4.4",
      "react": "18.2.0",
      "react-native": "0.71.8"
    },
    "devDependencies": {
      "@babel/core": "^7.20.0"
    },
    "private": true
  }

yarn manifest: 
  No manifest

Lockfile: 
  No lockfile
